<?xml version="1.0" encoding="UTF-8"?>
<!-- Generated by org.testng.reporters.JUnitReportReporter -->
<testsuite skipped="0" hostname="AlHasan" name="qa.test.ChangeViewedListTest" tests="3" failures="0" timestamp="30 Jun 2021 19:33:04 GMT" time="0.352" errors="0">
  <testcase name="isPopularActive" time="0.096" classname="qa.test.ChangeViewedListTest"/>
  <testcase name="clickBestSeller" time="0.192" classname="qa.test.ChangeViewedListTest"/>
  <testcase name="isBestSellerActive" time="0.064" classname="qa.test.ChangeViewedListTest"/>
</testsuite> <!-- qa.test.ChangeViewedListTest -->
