<?xml version="1.0" encoding="UTF-8"?>
<!-- Generated by org.testng.reporters.JUnitReportReporter -->
<testsuite skipped="0" hostname="AlHasan" name="qa.test.ChangeViewedListTest" tests="3" failures="0" timestamp="30 Jun 2021 11:57:03 GMT" time="0.410" errors="0">
  <testcase name="isPopularActive" time="0.137" classname="qa.test.ChangeViewedListTest"/>
  <testcase name="clickBestSeller" time="0.199" classname="qa.test.ChangeViewedListTest"/>
  <testcase name="isBestSellerActive" time="0.074" classname="qa.test.ChangeViewedListTest"/>
</testsuite> <!-- qa.test.ChangeViewedListTest -->
